0 info it worked if it ends with ok
1 verbose cli [ '/usr/local/Cellar/node/5.6.0/bin/node',
1 verbose cli   '/usr/local/bin/npm',
1 verbose cli   'run',
1 verbose cli   'lint' ]
2 info using npm@3.6.0
3 info using node@v5.6.0
4 verbose run-script [ 'prelint', 'lint', 'postlint' ]
5 info lifecycle reactfirst@1.0.0~prelint: reactfirst@1.0.0
6 silly lifecycle reactfirst@1.0.0~prelint: no script for prelint, continuing
7 info lifecycle reactfirst@1.0.0~lint: reactfirst@1.0.0
8 verbose lifecycle reactfirst@1.0.0~lint: unsafe-perm in lifecycle true
9 verbose lifecycle reactfirst@1.0.0~lint: PATH: /usr/local/lib/node_modules/npm/bin/node-gyp-bin:/Users/zc/mywork/reactprojects/reactfirst/node_modules/.bin:/Users/zc/bin:/Users/zc/mywork/goprojects/bin:/usr/local/bin:/usr/bin:/bin:/usr/sbin:/sbin
10 verbose lifecycle reactfirst@1.0.0~lint: CWD: /Users/zc/mywork/reactprojects/reactfirst
11 silly lifecycle reactfirst@1.0.0~lint: Args: [ '-c', 'eslint --ext .js --ext .jsx .' ]
12 silly lifecycle reactfirst@1.0.0~lint: Returned: code: 1  signal: null
13 info lifecycle reactfirst@1.0.0~lint: Failed to exec lint script
14 verbose stack Error: reactfirst@1.0.0 lint: `eslint --ext .js --ext .jsx .`
14 verbose stack Exit status 1
14 verbose stack     at EventEmitter.<anonymous> (/usr/local/lib/node_modules/npm/lib/utils/lifecycle.js:232:16)
14 verbose stack     at emitTwo (events.js:100:13)
14 verbose stack     at EventEmitter.emit (events.js:185:7)
14 verbose stack     at ChildProcess.<anonymous> (/usr/local/lib/node_modules/npm/lib/utils/spawn.js:24:14)
14 verbose stack     at emitTwo (events.js:100:13)
14 verbose stack     at ChildProcess.emit (events.js:185:7)
14 verbose stack     at maybeClose (internal/child_process.js:827:16)
14 verbose stack     at Process.ChildProcess._handle.onexit (internal/child_process.js:211:5)
15 verbose pkgid reactfirst@1.0.0
16 verbose cwd /Users/zc/mywork/reactprojects/reactfirst
17 error Darwin 15.4.0
18 error argv "/usr/local/Cellar/node/5.6.0/bin/node" "/usr/local/bin/npm" "run" "lint"
19 error node v5.6.0
20 error npm  v3.6.0
21 error code ELIFECYCLE
22 error reactfirst@1.0.0 lint: `eslint --ext .js --ext .jsx .`
22 error Exit status 1
23 error Failed at the reactfirst@1.0.0 lint script 'eslint --ext .js --ext .jsx .'.
23 error Make sure you have the latest version of node.js and npm installed.
23 error If you do, this is most likely a problem with the reactfirst package,
23 error not with npm itself.
23 error Tell the author that this fails on your system:
23 error     eslint --ext .js --ext .jsx .
23 error You can get information on how to open an issue for this project with:
23 error     npm bugs reactfirst
23 error Or if that isn't available, you can get their info via:
23 error     npm owner ls reactfirst
23 error There is likely additional logging output above.
24 verbose exit [ 1, true ]
